Building python-xmltodict.spec for x64/x86_64
Using local file: python-xmltodict.spec
Getting buildconfig from server and store to /root/ov/home:yyjeqhc:gen/python-xmltodict/.osc/_buildconfig-x64-x86_64
Getting buildinfo from server and store to /root/ov/home:yyjeqhc:gen/python-xmltodict/.osc/_buildinfo-x64-x86_64.xml
Updating cache of required packages
0.0% cache miss. 157/157 dependencies cached.

Skipping verification of package signatures
Writing build configuration
Running build
logging output to /var/tmp/build-root/x64-x86_64/.build.log...
[    0s] Memory limit set to 13681900KB
[    0s] Using BUILD_ROOT=/var/tmp/build-root/x64-x86_64
[    0s] Using BUILD_ARCH=x86_64:i686:i586:i486:i386
[    0s] 
[    0s] 
[    0s] oe started "build python-xmltodict.spec" at Sun Apr 26 05:24:45 UTC 2026.
[    0s] 
[    0s] 
[    0s] processing recipe /root/ov/home:yyjeqhc:gen/python-xmltodict/python-xmltodict.spec ...
[    0s] running changelog2spec --target rpm --file /root/ov/home:yyjeqhc:gen/python-xmltodict/python-xmltodict.spec
[    0s] init_buildsystem --configdir /usr/lib/build/configs --cachedir /var/cache/build --rpmlist /tmp/rpmlist.93sv28js /root/ov/home:yyjeqhc:gen/python-xmltodict/python-xmltodict.spec ...
[    1s] reordering...cycle: ca-certificates -> ca-certificates-mozilla
[    1s]   breaking dependency ca-certificates -> ca-certificates-mozilla
[    1s] cycle: rpm-config-openruyi -> rpm
[    1s]   breaking dependency rpm-config-openruyi -> rpm
[    1s] cycle: pam -> openruyi-authselect-profiles -> libpwquality
[    1s]   breaking dependency openruyi-authselect-profiles -> libpwquality
[    1s] cycle: systemd-pam -> pam -> openruyi-authselect-profiles
[    1s]   breaking dependency systemd-pam -> pam
[    1s] cycle: dbus-common -> dbus
[    1s]   breaking dependency dbus-common -> dbus
[    1s] cycle: dbus-common -> systemd -> dbus
[    1s]   breaking dependency systemd -> dbus
[    1s] cycle: device-mapper-libs -> device-mapper
[    1s]   breaking dependency device-mapper -> device-mapper-libs
[    1s] cycle: systemd -> cryptsetup-libs -> device-mapper-libs -> device-mapper
[    1s]   breaking dependency systemd -> cryptsetup-libs
[    1s] cycle: dbus-tools -> dbus
[    1s]   breaking dependency dbus -> dbus-tools
[    1s] done
[    1s] querying package ids...
[    2s] [1/157] keeping openruyi-release-2-2.6.or
[    2s] [2/157] keeping publicsuffix-list-20251008-4.3.or
[    2s] [3/157] keeping setup-2.15-11.6.or
[    2s] [4/157] keeping filesystem-3.18-13.5.or
[    2s] [5/157] keeping glibc-2.43-14.10.or
[    2s] [6/157] keeping linux-headers-6.18.18-9.7.or
[    2s] [7/157] keeping pkgconf-m4-2.2.0-6.1.or
[    2s] [8/157] keeping systemd-rpm-macros-259-10.5.or
[    2s] [9/157] keeping cpio-2.15-3.5.or
[    2s] [10/157] keeping diffutils-3.12-4.4.or
[    2s] [11/157] keeping envsubst-1.0-5.6.or
[    2s] [12/157] keeping expat-2.7.1-5.4.or
[    2s] [13/157] keeping gcc15-lib-15.2.0-12.2.or
[    2s] [14/157] keeping gdbm-libs-1.26-4.9.or
[    2s] [15/157] keeping glibc-gconv-modules-extra-2.43-14.10.or
[    2s] [16/157] keeping glibc-locale-base-2.43-14.10.or
[    2s] [17/157] keeping jitterentropy-3.6.3-3.9.or
[    2s] [18/157] keeping json-c-0.18-4.1.or
[    2s] [19/157] keeping libatomic-gcc15-15.2.0-12.2.or
[    2s] [20/157] keeping libcap-2.76-5.12.or
[    2s] [21/157] keeping libcap-ng-0.8.5-4.5.or
[    2s] [22/157] keeping libdebuginfod-dummy-0.194-5.13.or
[    2s] [23/157] keeping libeconf-0.7.8-4.13.or
[    2s] [24/157] keeping libffi-3.5.2-4.5.or
[    2s] [25/157] keeping libgomp-gcc15-15.2.0-12.2.or
[    2s] [26/157] keeping libgpg-error-1.58-4.7.or
[    2s] [27/157] keeping libitm-gcc15-15.2.0-12.2.or
[    2s] [28/157] keeping libpkgconf5-2.2.0-6.1.or
[    2s] [29/157] keeping libsepol-3.10-5.5.or
[    2s] [30/157] keeping libsmartcols-2.41.3-11.3.or
[    2s] [31/157] keeping libtasn1-4.20.0-3.5.or
[    2s] [32/157] keeping libunistring-1.4.2-4.2.or
[    2s] [33/157] keeping libuuid-2.41.3-11.3.or
[    2s] [34/157] keeping libxcrypt-4.5.2-5.3.or
[    2s] [35/157] keeping lz4-1.10.0-4.2.or
[    2s] [36/157] keeping m4-1.4.21-6.6.or
[    2s] [37/157] keeping make-4.4.1-3.8.or
[    2s] [38/157] keeping mpdecimal-4.0.1-3.7.or
[    2s] [39/157] keeping nghttp2-1.66.0-5.9.or
[    2s] [40/157] keeping patch-2.8-3.2.or
[    2s] [41/157] keeping popt-1.19-3.5.or
[    2s] [42/157] keeping systemd-libs-259-10.5.or
[    2s] [43/157] keeping which-2.23-3.4.or
[    2s] [44/157] keeping zlib-ng-compat-2.3.3-8.10.or
[    2s] [45/157] keeping attr-2.5.2-3.6.or
[    2s] [46/157] keeping libgomp-15-4.12.or
[    2s] [47/157] keeping file-5.46-3.6.or
[    2s] [48/157] keeping libgcrypt-1.11.2-3.8.or
[    2s] [49/157] keeping libidn2-2.3.8-4.6.or
[    2s] [50/157] keeping libpng-1.6.55-6.2.or
[    2s] [51/157] keeping libstdc++-gcc15-15.2.0-12.2.or
[    2s] [52/157] keeping mimalloc-3.1.5-4.8.or
[    2s] [53/157] keeping pkgconf-2.2.0-6.1.or
[    2s] [54/157] keeping sqlite-3.50.4-7.2.or
[    2s] [55/157] keeping acl-2.3.2-6.10.or
[    2s] [56/157] keeping libblkid-2.41.3-11.3.or
[    2s] [57/157] keeping tar-1.35-4.8.or
[    2s] [58/157] keeping gmp-6.3.0-3.12.or
[    2s] [59/157] keeping libasan-gcc15-15.2.0-12.2.or
[    2s] [60/157] keeping libhwasan-gcc15-15.2.0-12.2.or
[    2s] [61/157] keeping liblsan-gcc15-15.2.0-12.2.or
[    2s] [62/157] keeping libtsan-gcc15-15.2.0-12.2.or
[    2s] [63/157] keeping libubsan-gcc15-15.2.0-12.2.or
[    2s] [64/157] keeping tbb-2022.3.0-9.1.or
[    2s] [65/157] keeping libfdisk-2.41.3-11.3.or
[    2s] [66/157] keeping libpsl-0.21.5-4.18.or
[    2s] [67/157] keeping ncurses-6.5-5.2.or
[    2s] [68/157] keeping isl-0.27-3.5.or
[    2s] [69/157] keeping mpfr-4.2.2-3.4.or
[    2s] [70/157] keeping nettle-3.10.2-3.4.or
[    2s] [71/157] keeping readline-8.3-3.5.or
[    2s] [72/157] keeping bash-5.3.3-3.11.or
[    2s] [73/157] keeping blake3-1.8.4-7.1.or
[    2s] [74/157] keeping coreutils-9.10-7.4.or
[    2s] [75/157] keeping gzip-1.14-4.4.or
[    2s] [76/157] keeping tzdata-2026a-6.8.or
[    2s] [77/157] keeping xz-5.8.1-3.4.or
[    2s] [78/157] keeping bzip2-1.0.8-3.7.or
[    2s] [79/157] keeping liblastlog2-2.41.3-11.3.or
[    2s] [80/157] keeping libxml2-2.14.5-5.4.or
[    2s] [81/157] keeping mpc-1.3.1-3.4.or
[    2s] [82/157] keeping pkgconf-pkg-config-2.2.0-6.1.or
[    2s] [83/157] keeping unzip-6.0-3.5.or
[    2s] [84/157] keeping gawk-5.3.2-4.4.or
[    2s] [85/157] keeping lua-5.4.8-4.2.or
[    2s] [86/157] keeping openssl-3.5.2-5.2.or
[    2s] [87/157] keeping slang-2.3.3-4.9.or
[    2s] [88/157] keeping gettext-runtime-1.0-5.6.or
[    2s] [89/157] keeping p11-kit-0.25.5-4.13.or
[    2s] [90/157] keeping libevent-2.1.12-3.10.or
[    2s] [91/157] keeping libxcrypt-devel-4.5.2-5.3.or
[    2s] [92/157] keeping newt-0.52.25-4.7.or
[    2s] [93/157] keeping systemd-shared-259-10.5.or
[    2s] [94/157] keeping audit-4.1.4-5.3.or
[    2s] [95/157] keeping cracklib-2.10.3-3.6.or
[    2s] [96/157] keeping pcre2-10.45-5.2.or
[    2s] [97/157] keeping perl-5.42.0-6.5.or
[    2s] [98/157] keeping zstd-1.5.7-3.11.or
[    2s] [99/157] keeping gettext-tools-1.0-5.6.or
[    2s] [100/157] keeping libselinux-3.10-5.14.or
[    2s] [101/157] keeping perl-rpm-packaging-1.2-2.4.or
[    2s] [102/157] keeping systemd-sysusers-259-10.5.or
[    2s] [103/157] keeping glibc-devel-2.43-14.10.or
[    2s] [104/157] keeping grep-3.12-3.6.or
[    2s] [105/157] keeping libelf-0.194-5.13.or
[    2s] [106/157] keeping cpp15-15.2.0-12.2.or
[    2s] [107/157] keeping libarchive-3.8.1-4.14.or
[    2s] [108/157] keeping cpp-15-4.12.or
[    2s] [109/157] keeping dwz-0.16-4.20.or
[    2s] [110/157] keeping findutils-4.10.0-3.10.or
[    2s] [111/157] keeping libstdc++-devel-gcc15-15.2.0-12.2.or
[    2s] [112/157] keeping sed-4.9-3.7.or
[    2s] [113/157] keeping libmount-2.41.3-11.3.or
[    2s] [114/157] keeping chkconfig-1.33-6.8.or
[    2s] [115/157] keeping elfutils-0.194-5.13.or
[    2s] [116/157] keeping authselect-1.6.1-8.7.or
[    2s] [117/157] keeping mold-2.40.4-5.9.or
[    2s] [118/157] keeping binutils-2.45-9.1.or
[    2s] [119/157] keeping debugedit-5.2-4.18.or
[    2s] [120/157] keeping gcc15-15.2.0-12.2.or
[    2s] [121/157] keeping gcc-15-4.12.or
[    2s] [122/157] keeping gcc15-c++-15.2.0-12.2.or
[    2s] [123/157] keeping gcc-c++-15-4.12.or
[    2s] [124/157] keeping rpm-config-openruyi-20251216-17.2.or
[    2s] [125/157] keeping systemd-pam-259-10.5.or
[    2s] [126/157] keeping ca-certificates-20251015-3.10.or
[    2s] [127/157] keeping python-pip-wheel-25.3-3.19.or
[    2s] [128/157] keeping ca-certificates-mozilla-2.84-4.15.or
[    2s] [129/157] keeping python-srpm-macros-3.13-2.4.or
[    2s] [130/157] keeping openruyi-authselect-profiles-1.6.1-8.7.or
[    2s] [131/157] keeping rpm-4.20.1-7.8.or
[    2s] [132/157] keeping python-rpm-macros-3.13-2.4.or
[    2s] [133/157] keeping pam-1.7.1-7.13.or
[    2s] [134/157] keeping python3-libs-3.13.8-8.4.or
[    2s] [135/157] keeping python3-3.13.8-8.4.or
[    2s] [136/157] keeping python3-rpm-macros-3.13-2.4.or
[    2s] [137/157] keeping kbd-2.8.0-5.5.or
[    2s] [138/157] keeping libpwquality-1.4.5-5.6.or
[    2s] [139/157] keeping unbound-libs-1.24.2-7.2.or
[    2s] [140/157] keeping python3-packaging-25.0-2.18.or
[    2s] [141/157] installing python3-setuptools-80.9.0-3.17.or
[    2s] [142/157] installing python3-pip-25.3-3.19.or
[    2s] [143/157] keeping pyproject-rpm-macros-1.18.3-2.28.or
[    2s] [144/157] keeping gnutls-3.8.10-4.24.or
[    2s] [145/157] keeping python3-rpm-generators-14-3.4.or
[    2s] [146/157] keeping curl-8.15.0-7.20.or
[    2s] [147/157] keeping python3-devel-3.13.8-8.4.or
[    2s] [148/157] keeping systemd-259-10.5.or
[    2s] [149/157] keeping dbus-common-1.16.2-10.12.or
[    2s] [150/157] keeping systemd-udev-259-10.5.or
[    2s] [151/157] keeping dbus-1.16.2-10.12.or
[    2s] [152/157] keeping util-linux-2.41.3-11.3.or
[    2s] [153/157] keeping device-mapper-1.02.209-3.24.or
[    2s] [154/157] keeping dbus-tools-1.16.2-10.12.or
[    2s] [155/157] keeping rpm-build-4.20.1-7.8.or
[    2s] [156/157] keeping device-mapper-libs-1.02.209-3.24.or
[    2s] [157/157] keeping cryptsetup-libs-2.8.2-4.25.or
[    2s] now finalizing build dir...
[    3s] Unpacking openruyi-1777180983.1db8b44.obscpio ...
[    3s] 38231 blocks
[    4s] -----------------------------------------------------------------
[    4s] ----- building python-xmltodict.spec (user abuild)
[    4s] -----------------------------------------------------------------
[    4s] -----------------------------------------------------------------
[    4s] + exec rpmbuild --nodeps -br --define '_srcdefattr (-,root,root)' --nosignature --define '_build_create_debug 1' /home/abuild/rpmbuild/SOURCES/python-xmltodict.spec
[    4s] Reading /var/tmp/rpm-tmp.2o3fwB
[    5s] Building target platforms: noarch
[    5s] Building for target noarch
[    5s] Reading /var/tmp/rpm-tmp.Sjpwnf
[    5s] Executing(%mkbuilddir): /usr/bin/bash -e /var/tmp/rpm-tmp.vjK3p8
[    5s] Executing(%prep): /usr/bin/bash -e /var/tmp/rpm-tmp.OWGo36
[    5s] + umask 022
[    5s] + cd /home/abuild/rpmbuild/BUILD/python-xmltodict-1.0.4-build
[    5s] + cd /home/abuild/rpmbuild/BUILD/python-xmltodict-1.0.4-build
[    5s] + rm -rf python-xmltodict-1.0.4
[    5s] + /usr/lib/rpm/rpmuncompress -x -C python-xmltodict-1.0.4 /home/abuild/rpmbuild/SOURCES/xmltodict-1.0.4.tar.gz
[    5s] + STATUS=0
[    5s] + '[' 0 -ne 0 ']'
[    5s] + cd python-xmltodict-1.0.4
[    5s] + /usr/bin/chmod -Rf a+rX,u+w,g-w,o-w .
[    5s] + RPM_EC=0
[    5s] ++ jobs -p
[    5s] + exit 0
[    5s] Executing(%generate_buildrequires): /usr/bin/bash -e /var/tmp/rpm-tmp.RCoD88
[    5s] + umask 022
[    5s] + cd /home/abuild/rpmbuild/BUILD/python-xmltodict-1.0.4-build
[    5s] + cd python-xmltodict-1.0.4
[    5s] + echo pyproject-rpm-macros
[    5s] + echo python3-devel
[    5s] + echo 'python3dist(packaging)'
[    5s] + echo 'python3dist(pip) >= 19'
[    5s] + '[' -f pyproject.toml ']'
[    5s] + echo '(python3dist(tomli) if python3-devel < 3.11)'
[    5s] + rm -rfv '*.dist-info/'
[    5s] + '[' -f /usr/bin/python3 ']'
[    5s] + mkdir -p /home/abuild/rpmbuild/BUILD/python-xmltodict-1.0.4-build/.pyproject-builddir
[    5s] + echo -n
[    5s] + CONFIG_SHELL=/usr/bin/bash
[    5s] + CFLAGS=
[    5s] + CXXFLAGS=' -D_GLIBCXX_ASSERTIONS'
[    5s] + FFLAGS='-O2 -g -fno-omit-frame-pointer -pipe -flto=auto -ffat-lto-objects -funwind-tables -fasynchronous-unwind-tables -fstack-protector-strong -D_FORTIFY_SOURCE=3 -fstack-clash-protection -Wformat -Werror=format-security '
[    5s] + FCFLAGS='-O2 -g -fno-omit-frame-pointer -pipe -flto=auto -ffat-lto-objects -funwind-tables -fasynchronous-unwind-tables -fstack-protector-strong -D_FORTIFY_SOURCE=3 -fstack-clash-protection -Wformat -Werror=format-security '
[    5s] + LDFLAGS=-Wl,-z,relro,-z,now,-z,noexecstack
[    5s] + CC=gcc
[    5s] + CXX=g++
[    5s] + TMPDIR=/home/abuild/rpmbuild/BUILD/python-xmltodict-1.0.4-build/.pyproject-builddir
[    5s] + RPM_TOXENV=py313
[    5s] + HOSTNAME=rpmbuild
[    5s] + /usr/bin/python3 -Bs /usr/lib/rpm/openruyi/pyproject_buildrequires.py --generate-extras --python3_pkgversion 3 --wheeldir /home/abuild/rpmbuild/BUILD/python-xmltodict-1.0.4-build/pyproject-wheeldir --output /home/abuild/rpmbuild/BUILD/python-xmltodict-1.0.4-build/python-xmltodict-1.0.4-1.or.noarch-pyproject-buildrequires
[    5s] Handling setuptools>=77.0.3 from build-system.requires
[    5s] Requirement satisfied: setuptools>=77.0.3
[    5s]    (installed: setuptools 80.9.0)
[    5s] running egg_info
[    5s] writing xmltodict.egg-info/PKG-INFO
[    5s] writing dependency_links to xmltodict.egg-info/dependency_links.txt
[    5s] writing requirements to xmltodict.egg-info/requires.txt
[    5s] writing top-level names to xmltodict.egg-info/top_level.txt
[    5s] reading manifest file 'xmltodict.egg-info/SOURCES.txt'
[    5s] reading manifest template 'MANIFEST.in'
[    5s] adding license file 'LICENSE'
[    5s] writing manifest file 'xmltodict.egg-info/SOURCES.txt'
[    5s] running dist_info
[    5s] writing xmltodict.egg-info/PKG-INFO
[    5s] writing dependency_links to xmltodict.egg-info/dependency_links.txt
[    5s] writing requirements to xmltodict.egg-info/requires.txt
[    5s] writing top-level names to xmltodict.egg-info/top_level.txt
[    5s] reading manifest file 'xmltodict.egg-info/SOURCES.txt'
[    5s] reading manifest template 'MANIFEST.in'
[    5s] adding license file 'LICENSE'
[    5s] writing manifest file 'xmltodict.egg-info/SOURCES.txt'
[    5s] creating '/home/abuild/rpmbuild/BUILD/python-xmltodict-1.0.4-build/python-xmltodict-1.0.4/xmltodict-1.0.4.dist-info'
[    5s] Handling pytest; extra == "test" from hook generated metadata: Requires-Dist (xmltodict)
[    5s] Ignoring alien requirement: pytest; extra == "test"
[    5s] Handling pytest-cov; extra == "test" from hook generated metadata: Requires-Dist (xmltodict)
[    5s] Ignoring alien requirement: pytest-cov; extra == "test"
[    5s] + cat /home/abuild/rpmbuild/BUILD/python-xmltodict-1.0.4-build/python-xmltodict-1.0.4-1.or.noarch-pyproject-buildrequires
[    5s] + rm -rfv xmltodict-1.0.4.dist-info/
[    5s] removed 'xmltodict-1.0.4.dist-info/top_level.txt'
[    5s] removed 'xmltodict-1.0.4.dist-info/METADATA'
[    5s] removed 'xmltodict-1.0.4.dist-info/licenses/LICENSE'
[    5s] removed directory 'xmltodict-1.0.4.dist-info/licenses'
[    5s] removed directory 'xmltodict-1.0.4.dist-info/'
[    5s] + RPM_EC=0
[    5s] ++ jobs -p
[    5s] + exit 0
[    5s] Wrote: /home/abuild/rpmbuild/SRPMS/python-xmltodict-1.0.4-1.or.buildreqs.nosrc.rpm
[    5s] + exec rpmbuild -ba --define '_srcdefattr (-,root,root)' --nosignature --define '_build_create_debug 1' /home/abuild/rpmbuild/SOURCES/python-xmltodict.spec
[    5s] Reading /var/tmp/rpm-tmp.gu7cr2
[    5s] Building target platforms: noarch
[    5s] Building for target noarch
[    5s] Reading /var/tmp/rpm-tmp.qR3HCZ
[    5s] Executing(%mkbuilddir): /usr/bin/bash -e /var/tmp/rpm-tmp.DYt4eL
[    5s] Executing(%prep): /usr/bin/bash -e /var/tmp/rpm-tmp.3FRrmr
[    5s] + umask 022
[    5s] + cd /home/abuild/rpmbuild/BUILD/python-xmltodict-1.0.4-build
[    5s] + cd /home/abuild/rpmbuild/BUILD/python-xmltodict-1.0.4-build
[    5s] + rm -rf python-xmltodict-1.0.4
[    5s] + /usr/lib/rpm/rpmuncompress -x -C python-xmltodict-1.0.4 /home/abuild/rpmbuild/SOURCES/xmltodict-1.0.4.tar.gz
[    5s] + STATUS=0
[    5s] + '[' 0 -ne 0 ']'
[    5s] + cd python-xmltodict-1.0.4
[    5s] + /usr/bin/chmod -Rf a+rX,u+w,g-w,o-w .
[    5s] + RPM_EC=0
[    5s] ++ jobs -p
[    5s] + exit 0
[    5s] Executing(%generate_buildrequires): /usr/bin/bash -e /var/tmp/rpm-tmp.CeSTa7
[    5s] + umask 022
[    5s] + cd /home/abuild/rpmbuild/BUILD/python-xmltodict-1.0.4-build
[    5s] + cd python-xmltodict-1.0.4
[    5s] + echo pyproject-rpm-macros
[    5s] + echo python3-devel
[    5s] + echo 'python3dist(packaging)'
[    5s] + echo 'python3dist(pip) >= 19'
[    5s] + '[' -f pyproject.toml ']'
[    5s] + echo '(python3dist(tomli) if python3-devel < 3.11)'
[    5s] + rm -rfv '*.dist-info/'
[    5s] + '[' -f /usr/bin/python3 ']'
[    5s] + mkdir -p /home/abuild/rpmbuild/BUILD/python-xmltodict-1.0.4-build/.pyproject-builddir
[    5s] + echo -n
[    5s] + CONFIG_SHELL=/usr/bin/bash
[    5s] + CFLAGS=
[    5s] + CXXFLAGS=' -D_GLIBCXX_ASSERTIONS'
[    5s] + FFLAGS='-O2 -g -fno-omit-frame-pointer -pipe -flto=auto -ffat-lto-objects -funwind-tables -fasynchronous-unwind-tables -fstack-protector-strong -D_FORTIFY_SOURCE=3 -fstack-clash-protection -Wformat -Werror=format-security '
[    5s] + FCFLAGS='-O2 -g -fno-omit-frame-pointer -pipe -flto=auto -ffat-lto-objects -funwind-tables -fasynchronous-unwind-tables -fstack-protector-strong -D_FORTIFY_SOURCE=3 -fstack-clash-protection -Wformat -Werror=format-security '
[    5s] + LDFLAGS=-Wl,-z,relro,-z,now,-z,noexecstack
[    5s] + CC=gcc
[    5s] + CXX=g++
[    5s] + TMPDIR=/home/abuild/rpmbuild/BUILD/python-xmltodict-1.0.4-build/.pyproject-builddir
[    5s] + RPM_TOXENV=py313
[    5s] + HOSTNAME=rpmbuild
[    5s] + /usr/bin/python3 -Bs /usr/lib/rpm/openruyi/pyproject_buildrequires.py --generate-extras --python3_pkgversion 3 --wheeldir /home/abuild/rpmbuild/BUILD/python-xmltodict-1.0.4-build/pyproject-wheeldir --output /home/abuild/rpmbuild/BUILD/python-xmltodict-1.0.4-build/python-xmltodict-1.0.4-1.or.noarch-pyproject-buildrequires
[    5s] Handling setuptools>=77.0.3 from build-system.requires
[    5s] Requirement satisfied: setuptools>=77.0.3
[    5s]    (installed: setuptools 80.9.0)
[    6s] running egg_info
[    6s] writing xmltodict.egg-info/PKG-INFO
[    6s] writing dependency_links to xmltodict.egg-info/dependency_links.txt
[    6s] writing requirements to xmltodict.egg-info/requires.txt
[    6s] writing top-level names to xmltodict.egg-info/top_level.txt
[    6s] reading manifest file 'xmltodict.egg-info/SOURCES.txt'
[    6s] reading manifest template 'MANIFEST.in'
[    6s] adding license file 'LICENSE'
[    6s] writing manifest file 'xmltodict.egg-info/SOURCES.txt'
[    6s] running dist_info
[    6s] writing xmltodict.egg-info/PKG-INFO
[    6s] writing dependency_links to xmltodict.egg-info/dependency_links.txt
[    6s] writing requirements to xmltodict.egg-info/requires.txt
[    6s] writing top-level names to xmltodict.egg-info/top_level.txt
[    6s] reading manifest file 'xmltodict.egg-info/SOURCES.txt'
[    6s] reading manifest template 'MANIFEST.in'
[    6s] adding license file 'LICENSE'
[    6s] writing manifest file 'xmltodict.egg-info/SOURCES.txt'
[    6s] creating '/home/abuild/rpmbuild/BUILD/python-xmltodict-1.0.4-build/python-xmltodict-1.0.4/xmltodict-1.0.4.dist-info'
[    6s] Handling pytest; extra == "test" from hook generated metadata: Requires-Dist (xmltodict)
[    6s] Ignoring alien requirement: pytest; extra == "test"
[    6s] Handling pytest-cov; extra == "test" from hook generated metadata: Requires-Dist (xmltodict)
[    6s] Ignoring alien requirement: pytest-cov; extra == "test"
[    6s] + cat /home/abuild/rpmbuild/BUILD/python-xmltodict-1.0.4-build/python-xmltodict-1.0.4-1.or.noarch-pyproject-buildrequires
[    6s] + rm -rfv xmltodict-1.0.4.dist-info/
[    6s] removed 'xmltodict-1.0.4.dist-info/top_level.txt'
[    6s] removed 'xmltodict-1.0.4.dist-info/METADATA'
[    6s] removed 'xmltodict-1.0.4.dist-info/licenses/LICENSE'
[    6s] removed directory 'xmltodict-1.0.4.dist-info/licenses'
[    6s] removed directory 'xmltodict-1.0.4.dist-info/'
[    6s] + RPM_EC=0
[    6s] ++ jobs -p
[    6s] + exit 0
[    6s] Executing(%conf): /usr/bin/bash -e /var/tmp/rpm-tmp.CSIi0F
[    6s] + umask 022
[    6s] + cd /home/abuild/rpmbuild/BUILD/python-xmltodict-1.0.4-build
[    6s] + cd python-xmltodict-1.0.4
[    6s] + RPM_EC=0
[    6s] ++ jobs -p
[    6s] + exit 0
[    6s] Executing(%build): /usr/bin/bash -e /var/tmp/rpm-tmp.53JUDJ
[    6s] + umask 022
[    6s] + cd /home/abuild/rpmbuild/BUILD/python-xmltodict-1.0.4-build
[    6s] + cd python-xmltodict-1.0.4
[    6s] + mkdir -p /home/abuild/rpmbuild/BUILD/python-xmltodict-1.0.4-build/python-xmltodict-1.0.4/.pyproject-builddir
[    6s] + CONFIG_SHELL=/usr/bin/bash
[    6s] + CFLAGS=
[    6s] + CXXFLAGS=' -D_GLIBCXX_ASSERTIONS'
[    6s] + FFLAGS='-O2 -g -fno-omit-frame-pointer -pipe -flto=auto -ffat-lto-objects -funwind-tables -fasynchronous-unwind-tables -fstack-protector-strong -D_FORTIFY_SOURCE=3 -fstack-clash-protection -Wformat -Werror=format-security '
[    6s] + FCFLAGS='-O2 -g -fno-omit-frame-pointer -pipe -flto=auto -ffat-lto-objects -funwind-tables -fasynchronous-unwind-tables -fstack-protector-strong -D_FORTIFY_SOURCE=3 -fstack-clash-protection -Wformat -Werror=format-security '
[    6s] + LDFLAGS=-Wl,-z,relro,-z,now,-z,noexecstack
[    6s] + CC=gcc
[    6s] + CXX=g++
[    6s] + TMPDIR=/home/abuild/rpmbuild/BUILD/python-xmltodict-1.0.4-build/python-xmltodict-1.0.4/.pyproject-builddir
[    6s] + /usr/bin/python3 -Bs /usr/lib/rpm/openruyi/pyproject_wheel.py /home/abuild/rpmbuild/BUILD/python-xmltodict-1.0.4-build/python-xmltodict-1.0.4/pyproject-wheeldir
[    6s] Processing /home/abuild/rpmbuild/BUILD/python-xmltodict-1.0.4-build/python-xmltodict-1.0.4
[    6s]   Preparing metadata (pyproject.toml): started
[    6s]   Running command Preparing metadata (pyproject.toml)
[    6s]   running dist_info
[    6s]   creating /home/abuild/rpmbuild/BUILD/python-xmltodict-1.0.4-build/python-xmltodict-1.0.4/.pyproject-builddir/pip-modern-metadata-alggmqvn/xmltodict.egg-info
[    6s]   writing /home/abuild/rpmbuild/BUILD/python-xmltodict-1.0.4-build/python-xmltodict-1.0.4/.pyproject-builddir/pip-modern-metadata-alggmqvn/xmltodict.egg-info/PKG-INFO
[    6s]   writing dependency_links to /home/abuild/rpmbuild/BUILD/python-xmltodict-1.0.4-build/python-xmltodict-1.0.4/.pyproject-builddir/pip-modern-metadata-alggmqvn/xmltodict.egg-info/dependency_links.txt
[    6s]   writing requirements to /home/abuild/rpmbuild/BUILD/python-xmltodict-1.0.4-build/python-xmltodict-1.0.4/.pyproject-builddir/pip-modern-metadata-alggmqvn/xmltodict.egg-info/requires.txt
[    6s]   writing top-level names to /home/abuild/rpmbuild/BUILD/python-xmltodict-1.0.4-build/python-xmltodict-1.0.4/.pyproject-builddir/pip-modern-metadata-alggmqvn/xmltodict.egg-info/top_level.txt
[    6s]   writing manifest file '/home/abuild/rpmbuild/BUILD/python-xmltodict-1.0.4-build/python-xmltodict-1.0.4/.pyproject-builddir/pip-modern-metadata-alggmqvn/xmltodict.egg-info/SOURCES.txt'
[    6s]   reading manifest file '/home/abuild/rpmbuild/BUILD/python-xmltodict-1.0.4-build/python-xmltodict-1.0.4/.pyproject-builddir/pip-modern-metadata-alggmqvn/xmltodict.egg-info/SOURCES.txt'
[    6s]   reading manifest template 'MANIFEST.in'
[    6s]   adding license file 'LICENSE'
[    6s]   writing manifest file '/home/abuild/rpmbuild/BUILD/python-xmltodict-1.0.4-build/python-xmltodict-1.0.4/.pyproject-builddir/pip-modern-metadata-alggmqvn/xmltodict.egg-info/SOURCES.txt'
[    6s]   creating '/home/abuild/rpmbuild/BUILD/python-xmltodict-1.0.4-build/python-xmltodict-1.0.4/.pyproject-builddir/pip-modern-metadata-alggmqvn/xmltodict-1.0.4.dist-info'
[    6s]   Preparing metadata (pyproject.toml): finished with status 'done'
[    6s] Building wheels for collected packages: xmltodict
[    6s]   Building wheel for xmltodict (pyproject.toml): started
[    6s]   Running command Building wheel for xmltodict (pyproject.toml)
[    6s]   running bdist_wheel
[    6s]   running build
[    6s]   running build_py
[    6s]   creating build/lib
[    6s]   copying xmltodict.py -> build/lib
[    6s]   running egg_info
[    6s]   writing xmltodict.egg-info/PKG-INFO
[    6s]   writing dependency_links to xmltodict.egg-info/dependency_links.txt
[    6s]   writing requirements to xmltodict.egg-info/requires.txt
[    6s]   writing top-level names to xmltodict.egg-info/top_level.txt
[    6s]   reading manifest file 'xmltodict.egg-info/SOURCES.txt'
[    6s]   reading manifest template 'MANIFEST.in'
[    6s]   adding license file 'LICENSE'
[    6s]   writing manifest file 'xmltodict.egg-info/SOURCES.txt'
[    6s]   installing to build/bdist.linux-x86_64/wheel
[    6s]   running install
[    6s]   running install_lib
[    6s]   creating build/bdist.linux-x86_64/wheel
[    6s]   copying build/lib/xmltodict.py -> build/bdist.linux-x86_64/wheel/.
[    6s]   running install_egg_info
[    6s]   Copying xmltodict.egg-info to build/bdist.linux-x86_64/wheel/./xmltodict-1.0.4-py3.13.egg-info
[    6s]   running install_scripts
[    6s]   creating build/bdist.linux-x86_64/wheel/xmltodict-1.0.4.dist-info/WHEEL
[    6s]   creating '/home/abuild/.cache/pip/wheels/d2/fe/08/df13373ee30c31dbe791cb30079f3050eebbf5116e376c982e/tmpyukm8uun/.tmp-dkjqjaqh/xmltodict-1.0.4-py3-none-any.whl' and adding 'build/bdist.linux-x86_64/wheel' to it
[    6s]   adding 'xmltodict.py'
[    6s]   adding 'xmltodict-1.0.4.dist-info/licenses/LICENSE'
[    6s]   adding 'xmltodict-1.0.4.dist-info/METADATA'
[    6s]   adding 'xmltodict-1.0.4.dist-info/WHEEL'
[    6s]   adding 'xmltodict-1.0.4.dist-info/top_level.txt'
[    6s]   adding 'xmltodict-1.0.4.dist-info/RECORD'
[    6s]   removing build/bdist.linux-x86_64/wheel
[    6s]   Building wheel for xmltodict (pyproject.toml): finished with status 'done'
[    6s]   Created wheel for xmltodict: filename=xmltodict-1.0.4-py3-none-any.whl size=13554 sha256=3414393b875dd3572206200d17480c9554f3fa4ff9d555be5858da1c9ff9b496
[    6s]   Stored in directory: /home/abuild/.cache/pip/wheels/d2/fe/08/df13373ee30c31dbe791cb30079f3050eebbf5116e376c982e
[    6s] Successfully built xmltodict
[    6s] + RPM_EC=0
[    6s] ++ jobs -p
[    6s] + exit 0
[    6s] Executing(%install): /usr/bin/bash -e /var/tmp/rpm-tmp.AY6z8Z
[    6s] + umask 022
[    6s] + cd /home/abuild/rpmbuild/BUILD/python-xmltodict-1.0.4-build
[    6s] + /usr/bin/rm -rf /home/abuild/rpmbuild/BUILD/python-xmltodict-1.0.4-build/BUILDROOT
[    6s] + /usr/bin/mkdir -p /home/abuild/rpmbuild/BUILD/python-xmltodict-1.0.4-build
[    6s] + /usr/bin/mkdir /home/abuild/rpmbuild/BUILD/python-xmltodict-1.0.4-build/BUILDROOT
[    6s] + cd python-xmltodict-1.0.4
[    6s] ++ ls /home/abuild/rpmbuild/BUILD/python-xmltodict-1.0.4-build/python-xmltodict-1.0.4/pyproject-wheeldir/xmltodict-1.0.4-py3-none-any.whl
[    6s] ++ xargs basename --multiple
[    6s] ++ sed -E 's/([^-]+)-([^-]+)-.+\.whl/\1==\2/'
[    6s] + specifier=xmltodict==1.0.4
[    6s] + '[' -z xmltodict==1.0.4 ']'
[    6s] + TMPDIR=/home/abuild/rpmbuild/BUILD/python-xmltodict-1.0.4-build/python-xmltodict-1.0.4/.pyproject-builddir
[    6s] + /usr/bin/python3 -m pip install --root /home/abuild/rpmbuild/BUILD/python-xmltodict-1.0.4-build/BUILDROOT --prefix /usr --no-deps --disable-pip-version-check --progress-bar off --verbose --ignore-installed --no-warn-script-location --no-index --no-cache-dir --find-links /home/abuild/rpmbuild/BUILD/python-xmltodict-1.0.4-build/python-xmltodict-1.0.4/pyproject-wheeldir xmltodict==1.0.4
[    7s] Using pip 25.3 from /usr/lib/python3.13/site-packages/pip (python 3.13)
[    7s] Looking in links: /home/abuild/rpmbuild/BUILD/python-xmltodict-1.0.4-build/python-xmltodict-1.0.4/pyproject-wheeldir
[    7s] Processing ./pyproject-wheeldir/xmltodict-1.0.4-py3-none-any.whl
[    7s] Installing collected packages: xmltodict
[    7s] Successfully installed xmltodict-1.0.4
[    7s] + '[' -d /home/abuild/rpmbuild/BUILD/python-xmltodict-1.0.4-build/BUILDROOT/usr/bin ']'
[    7s] + rm -f /home/abuild/rpmbuild/BUILD/python-xmltodict-1.0.4-build/python-xmltodict-1.0.4-1.or.noarch-pyproject-ghost-distinfo
[    7s] + site_dirs=()
[    7s] + '[' -d /home/abuild/rpmbuild/BUILD/python-xmltodict-1.0.4-build/BUILDROOT/usr/lib/python3.13/site-packages ']'
[    7s] + site_dirs+=("/usr/lib/python3.13/site-packages")
[    7s] + '[' /home/abuild/rpmbuild/BUILD/python-xmltodict-1.0.4-build/BUILDROOT/usr/lib64/python3.13/site-packages '!=' /home/abuild/rpmbuild/BUILD/python-xmltodict-1.0.4-build/BUILDROOT/usr/lib/python3.13/site-packages ']'
[    7s] + '[' -d /home/abuild/rpmbuild/BUILD/python-xmltodict-1.0.4-build/BUILDROOT/usr/lib64/python3.13/site-packages ']'
[    7s] + for site_dir in ${site_dirs[@]}
[    7s] + for distinfo in /home/abuild/rpmbuild/BUILD/python-xmltodict-1.0.4-build/BUILDROOT$site_dir/*.dist-info
[    7s] + echo '%ghost /usr/lib/python3.13/site-packages/xmltodict-1.0.4.dist-info'
[    7s] + sed -i s/pip/rpm/ /home/abuild/rpmbuild/BUILD/python-xmltodict-1.0.4-build/BUILDROOT/usr/lib/python3.13/site-packages/xmltodict-1.0.4.dist-info/INSTALLER
[    7s] + PYTHONPATH=/usr/lib/rpm/openruyi
[    7s] + /usr/bin/python3 -B /usr/lib/rpm/openruyi/pyproject_preprocess_record.py --buildroot /home/abuild/rpmbuild/BUILD/python-xmltodict-1.0.4-build/BUILDROOT --record /home/abuild/rpmbuild/BUILD/python-xmltodict-1.0.4-build/BUILDROOT/usr/lib/python3.13/site-packages/xmltodict-1.0.4.dist-info/RECORD --output /home/abuild/rpmbuild/BUILD/python-xmltodict-1.0.4-build/python-xmltodict-1.0.4-1.or.noarch-pyproject-record
[    7s] + rm -fv /home/abuild/rpmbuild/BUILD/python-xmltodict-1.0.4-build/BUILDROOT/usr/lib/python3.13/site-packages/xmltodict-1.0.4.dist-info/RECORD
[    7s] removed '/home/abuild/rpmbuild/BUILD/python-xmltodict-1.0.4-build/BUILDROOT/usr/lib/python3.13/site-packages/xmltodict-1.0.4.dist-info/RECORD'
[    7s] + rm -fv /home/abuild/rpmbuild/BUILD/python-xmltodict-1.0.4-build/BUILDROOT/usr/lib/python3.13/site-packages/xmltodict-1.0.4.dist-info/REQUESTED
[    7s] removed '/home/abuild/rpmbuild/BUILD/python-xmltodict-1.0.4-build/BUILDROOT/usr/lib/python3.13/site-packages/xmltodict-1.0.4.dist-info/REQUESTED'
[    7s] ++ wc -l /home/abuild/rpmbuild/BUILD/python-xmltodict-1.0.4-build/python-xmltodict-1.0.4-1.or.noarch-pyproject-ghost-distinfo
[    7s] ++ cut -f1 '-d '
[    7s] + lines=1
[    7s] + '[' 1 -ne 1 ']'
[    7s] + RPM_FILES_ESCAPE=4.19
[    7s] + /usr/bin/python3 /usr/lib/rpm/openruyi/pyproject_save_files.py --output-files /home/abuild/rpmbuild/BUILD/python-xmltodict-1.0.4-build/python-xmltodict-1.0.4-1.or.noarch-pyproject-files --output-modules /home/abuild/rpmbuild/BUILD/python-xmltodict-1.0.4-build/python-xmltodict-1.0.4-1.or.noarch-pyproject-modules --buildroot /home/abuild/rpmbuild/BUILD/python-xmltodict-1.0.4-build/BUILDROOT --sitelib /usr/lib/python3.13/site-packages --sitearch /usr/lib64/python3.13/site-packages --python-version 3.13 --pyproject-record /home/abuild/rpmbuild/BUILD/python-xmltodict-1.0.4-build/python-xmltodict-1.0.4-1.or.noarch-pyproject-record --prefix /usr -l xmltodict
[    7s] + /usr/lib/rpm/find-debuginfo -j16 --build-id-seed 1.0.4-1.or --unique-debug-suffix -1.0.4-1.or.noarch --unique-debug-src-base python-xmltodict-1.0.4-1.or.noarch --no-ar-files /home/abuild/rpmbuild/BUILD/python-xmltodict-1.0.4-build/python-xmltodict-1.0.4
[    7s] find-debuginfo: starting
[    7s] Extracting debug info from 0 files
[    7s] Creating .debug symlinks for symlinks to ELF files
[    7s] find: ‘debug’: No such file or directory
[    7s] find-debuginfo: done
[    7s] + /usr/lib/rpm/brp-compress
[    7s] + /usr/lib/rpm/brp-remove-la-files
[    7s] + /usr/lib/rpm/brp-openruyi
[    7s] Executing(%check): /usr/bin/bash -e /var/tmp/rpm-tmp.plb6ut
[    7s] + umask 022
[    7s] + cd /home/abuild/rpmbuild/BUILD/python-xmltodict-1.0.4-build
[    7s] + cd python-xmltodict-1.0.4
[    7s] + '[' '!' -f /home/abuild/rpmbuild/BUILD/python-xmltodict-1.0.4-build/python-xmltodict-1.0.4-1.or.noarch-pyproject-modules ']'
[    7s] + PATH=/home/abuild/rpmbuild/BUILD/python-xmltodict-1.0.4-build/BUILDROOT/usr/bin:/usr/local/bin:/bin:/usr/bin
[    7s] + PYTHONPATH=/home/abuild/rpmbuild/BUILD/python-xmltodict-1.0.4-build/BUILDROOT/usr/lib64/python3.13/site-packages:/home/abuild/rpmbuild/BUILD/python-xmltodict-1.0.4-build/BUILDROOT/usr/lib/python3.13/site-packages
[    7s] + _PYTHONSITE=/home/abuild/rpmbuild/BUILD/python-xmltodict-1.0.4-build/BUILDROOT/usr/lib64/python3.13/site-packages:/home/abuild/rpmbuild/BUILD/python-xmltodict-1.0.4-build/BUILDROOT/usr/lib/python3.13/site-packages
[    7s] + PYTHONDONTWRITEBYTECODE=1
[    7s] + /usr/bin/python3 -sP /usr/lib/rpm/openruyi/import_all_modules.py -f /home/abuild/rpmbuild/BUILD/python-xmltodict-1.0.4-build/python-xmltodict-1.0.4-1.or.noarch-pyproject-modules
[    7s] Check import: xmltodict
[    7s] + RPM_EC=0
[    7s] ++ jobs -p
[    7s] + exit 0
[    7s] Processing files: python-xmltodict-1.0.4-1.or.noarch
[    7s] Provides: python-xmltodict = 1.0.4-1.or python3-xmltodict = 1.0.4-1.or python3.13-xmltodict = 1.0.4-1.or python3.13dist(xmltodict) = 1.0.4 python3dist(xmltodict) = 1.0.4
[    7s] Requires(rpmlib): rpmlib(CompressedFileNames) <= 3.0.4-1 rpmlib(FileDigests) <= 4.6.0-1 rpmlib(PayloadFilesHavePrefix) <= 4.0-1
[    7s] Requires: python(abi) = 3.13
[    7s] Obsoletes: python-xmltodict < 1.0.4-1.or
[    7s] Checking for unpackaged file(s): /usr/lib/rpm/check-files /home/abuild/rpmbuild/BUILD/python-xmltodict-1.0.4-build/BUILDROOT
[    7s] Wrote: /home/abuild/rpmbuild/SRPMS/python-xmltodict-1.0.4-1.or.src.rpm
[    8s] Wrote: /home/abuild/rpmbuild/RPMS/noarch/python-xmltodict-1.0.4-1.or.noarch.rpm
[    8s] Executing(rmbuild): /usr/bin/bash -e /var/tmp/rpm-tmp.PTed2L
[    8s] + umask 022
[    8s] + cd /home/abuild/rpmbuild/BUILD/python-xmltodict-1.0.4-build
[    8s] + test -d /home/abuild/rpmbuild/BUILD/python-xmltodict-1.0.4-build
[    8s] + /usr/bin/chmod -Rf a+rX,u+w,g-w,o-w /home/abuild/rpmbuild/BUILD/python-xmltodict-1.0.4-build
[    8s] + rm -rf /home/abuild/rpmbuild/BUILD/python-xmltodict-1.0.4-build
[    8s] + RPM_EC=0
[    8s] ++ jobs -p
[    8s] + exit 0
[    8s] ... checking for files with abuild user/group
[    8s] 
[    8s] oe finished "build python-xmltodict.spec" at Sun Apr 26 05:24:53 UTC 2026.
[    8s] 

/var/tmp/build-root/x64-x86_64/home/abuild/rpmbuild/SRPMS/python-xmltodict-1.0.4-1.or.src.rpm

/var/tmp/build-root/x64-x86_64/home/abuild/rpmbuild/RPMS/noarch/python-xmltodict-1.0.4-1.or.noarch.rpm
